2024/06/23 20:49:22 логирование начато
2024/06/23 20:49:36 получен запрос [/api/task]
2024/06/23 20:49:36 данные в запросе: task[id= date=20240623 title=Просмотр фильма comment=с попкорном repeat=]
2024/06/23 20:49:36 добавлена задача id=65
2024/06/23 20:49:36 получен запрос [/api/task]
2024/06/23 20:49:36 данные в запросе: task[id= date=20240624 title=Сходить в бассейн comment= repeat=]
2024/06/23 20:49:36 добавлена задача id=66
2024/06/23 20:49:36 получен запрос [/api/task]
2024/06/23 20:49:36 данные в запросе: task[id= date=20240624 title=Оплатить коммуналку comment= repeat=d 30]
2024/06/23 20:49:36 добавлена задача id=67
2024/06/23 20:49:36 получен запрос [/api/task]
2024/06/23 20:49:36 данные в запросе: task[id= date=20240626 title=Поплавать comment=Бассейн с тренером repeat=d 7]
2024/06/23 20:49:36 добавлена задача id=68
2024/06/23 20:49:36 получен запрос [/api/task]
2024/06/23 20:49:36 данные в запросе: task[id= date=20240626 title=Позвонить в УК comment=Разобраться с горячей водой repeat=]
2024/06/23 20:49:36 добавлена задача id=69
2024/06/23 20:49:36 получен запрос [/api/task]
2024/06/23 20:49:36 данные в запросе: task[id= date=20240626 title=Встретится с Васей comment=в 18:00 repeat=]
2024/06/23 20:49:36 добавлена задача id=70
2024/06/23 20:50:13 получен запрос [/api/task]
2024/06/23 20:50:13 данные в запросе: task[id= date=20240623 title=Просмотр фильма comment=с попкорном repeat=]
2024/06/23 20:50:13 добавлена задача id=71
2024/06/23 20:50:13 получен запрос [/api/task]
2024/06/23 20:50:13 данные в запросе: task[id= date=20240624 title=Сходить в бассейн comment= repeat=]
2024/06/23 20:50:13 добавлена задача id=72
2024/06/23 20:50:13 получен запрос [/api/task]
2024/06/23 20:50:13 данные в запросе: task[id= date=20240624 title=Оплатить коммуналку comment= repeat=d 30]
2024/06/23 20:50:13 добавлена задача id=73
2024/06/23 20:50:13 получен запрос [/api/task]
2024/06/23 20:50:13 данные в запросе: task[id= date=20240626 title=Поплавать comment=Бассейн с тренером repeat=d 7]
2024/06/23 20:50:13 добавлена задача id=74
2024/06/23 20:50:13 получен запрос [/api/task]
2024/06/23 20:50:13 данные в запросе: task[id= date=20240626 title=Позвонить в УК comment=Разобраться с горячей водой repeat=]
2024/06/23 20:50:13 добавлена задача id=75
2024/06/23 20:50:13 получен запрос [/api/task]
2024/06/23 20:50:13 данные в запросе: task[id= date=20240626 title=Встретится с Васей comment=в 18:00 repeat=]
2024/06/23 20:50:13 добавлена задача id=76
2024/06/23 20:57:42 получен запрос [/api/task]
2024/06/23 20:57:42 данные в запросе: task[id= date=20240623 title=Просмотр фильма comment=с попкорном repeat=]
2024/06/23 20:57:42 добавлена задача id=77
2024/06/23 20:57:42 получен запрос [/api/task]
2024/06/23 20:57:42 данные в запросе: task[id= date=20240624 title=Сходить в бассейн comment= repeat=]
2024/06/23 20:57:42 добавлена задача id=78
2024/06/23 20:57:42 получен запрос [/api/task]
2024/06/23 20:57:42 данные в запросе: task[id= date=20240624 title=Оплатить коммуналку comment= repeat=d 30]
2024/06/23 20:57:42 добавлена задача id=79
2024/06/23 20:57:42 получен запрос [/api/task]
2024/06/23 20:57:42 данные в запросе: task[id= date=20240626 title=Поплавать comment=Бассейн с тренером repeat=d 7]
2024/06/23 20:57:42 добавлена задача id=80
2024/06/23 20:57:42 получен запрос [/api/task]
2024/06/23 20:57:42 данные в запросе: task[id= date=20240626 title=Позвонить в УК comment=Разобраться с горячей водой repeat=]
2024/06/23 20:57:42 добавлена задача id=81
2024/06/23 20:57:42 получен запрос [/api/task]
2024/06/23 20:57:42 данные в запросе: task[id= date=20240626 title=Встретится с Васей comment=в 18:00 repeat=]
2024/06/23 20:57:42 добавлена задача id=82
2024/06/23 21:04:09 получен запрос [/api/task]
2024/06/23 21:04:09 данные в запросе: task[id= date=20240623 title=Просмотр фильма comment=с попкорном repeat=]
2024/06/23 21:04:09 добавлена задача id=83
2024/06/23 21:04:09 получен запрос [/api/task]
2024/06/23 21:04:09 данные в запросе: task[id= date=20240624 title=Сходить в бассейн comment= repeat=]
2024/06/23 21:04:09 добавлена задача id=84
2024/06/23 21:04:09 получен запрос [/api/task]
2024/06/23 21:04:09 данные в запросе: task[id= date=20240624 title=Оплатить коммуналку comment= repeat=d 30]
2024/06/23 21:04:09 добавлена задача id=85
2024/06/23 21:04:09 получен запрос [/api/task]
2024/06/23 21:04:09 данные в запросе: task[id= date=20240626 title=Поплавать comment=Бассейн с тренером repeat=d 7]
2024/06/23 21:04:09 добавлена задача id=86
2024/06/23 21:04:09 получен запрос [/api/task]
2024/06/23 21:04:09 данные в запросе: task[id= date=20240626 title=Позвонить в УК comment=Разобраться с горячей водой repeat=]
2024/06/23 21:04:09 добавлена задача id=87
2024/06/23 21:04:09 получен запрос [/api/task]
2024/06/23 21:04:09 данные в запросе: task[id= date=20240626 title=Встретится с Васей comment=в 18:00 repeat=]
2024/06/23 21:04:09 добавлена задача id=88
2024/06/23 21:04:47 логирование начато
2024/06/23 21:04:51 получен запрос [/api/task]
2024/06/23 21:04:51 данные в запросе: task[id= date=20240623 title=Просмотр фильма comment=с попкорном repeat=]
2024/06/23 21:04:51 добавлена задача id=89
2024/06/23 21:04:51 получен запрос [/api/task]
2024/06/23 21:04:51 данные в запросе: task[id= date=20240624 title=Сходить в бассейн comment= repeat=]
2024/06/23 21:04:51 добавлена задача id=90
2024/06/23 21:04:51 получен запрос [/api/task]
2024/06/23 21:04:51 данные в запросе: task[id= date=20240624 title=Оплатить коммуналку comment= repeat=d 30]
2024/06/23 21:04:51 добавлена задача id=91
2024/06/23 21:04:51 получен запрос [/api/task]
2024/06/23 21:04:51 данные в запросе: task[id= date=20240626 title=Поплавать comment=Бассейн с тренером repeat=d 7]
2024/06/23 21:04:51 добавлена задача id=92
2024/06/23 21:04:51 получен запрос [/api/task]
2024/06/23 21:04:51 данные в запросе: task[id= date=20240626 title=Позвонить в УК comment=Разобраться с горячей водой repeat=]
2024/06/23 21:04:51 добавлена задача id=93
2024/06/23 21:04:51 получен запрос [/api/task]
2024/06/23 21:04:51 данные в запросе: task[id= date=20240626 title=Встретится с Васей comment=в 18:00 repeat=]
2024/06/23 21:04:51 добавлена задача id=94
2024/06/23 23:08:57 логирование начато
2024/06/23 23:16:45 логирование начато
